IQ-TREE multicore version 2.0.3 for Linux 64-bit built Apr 26 2020
Developed by Bui Quang Minh, Nguyen Lam Tung, Olga Chernomor,
Heiko Schmidt, Dominik Schrempf, Michael Woodhams.

Host:    zygote (AVX2, FMA3, 1007 GB RAM)
Command: iqtree -T AUTO --threads-max 2 -s /home/humebc/phylogeneticSoftware/SymPortal_framework/outputs/analyses/133/20201216T011417/between_sample_distances/C/clade_C_seqs.aligned.fasta
Seed:    378769 (Using SPRNG - Scalable Parallel Random Number Generator)
Time:    Wed Dec 16 01:22:21 2020
Kernel:  AVX+FMA - auto-detect threads (255 CPU cores detected)

Reading alignment file /home/humebc/phylogeneticSoftware/SymPortal_framework/outputs/analyses/133/20201216T011417/between_sample_distances/C/clade_C_seqs.aligned.fasta ... Fasta format detected
Alignment most likely contains DNA/RNA sequences
Alignment has 125 sequences with 297 columns, 150 distinct patterns
37 parsimony-informative, 60 singleton sites, 200 constant sites
         Gap/Ambiguity  Composition  p-value
   1  2         11.45%    passed     93.54%
   2  517       11.45%    passed     98.09%
   3  1180681   13.13%    passed     99.69%
   4  38924     13.80%    passed     98.62%
   5  32        11.45%    passed     96.21%
   6  41        13.80%    passed     99.72%
   7  465471    12.46%    passed     98.60%
   8  71232     15.82%    passed     97.48%
   9  42589     13.80%    passed     99.99%
  10  42593     13.13%    passed     99.28%
  11  42603     13.80%    passed     99.43%
  12  42605     13.47%    passed     99.71%
  13  42607     13.80%    passed     98.66%
  14  68728     13.80%    passed     99.36%
  15  99454     13.80%    passed     98.62%
  16  457866    12.46%    passed     99.43%
  17  456339    12.46%    passed     98.80%
  18  70818     13.13%    passed     99.85%
  19  70819     12.46%    passed     99.53%
  20  70820     13.80%    passed     99.82%
  21  70821     13.80%    passed     99.92%
  22  70822     12.46%    passed     99.43%
  23  70823     13.80%    passed     99.54%
  24  70825     13.80%    passed     98.66%
  25  70826     14.48%    passed     99.82%
  26  70827     13.13%    passed     99.85%
  27  70828     13.80%    passed     99.72%
  28  70829     12.46%    passed     99.92%
  29  70830     13.80%    passed     99.54%
  30  70831     13.80%    passed     99.81%
  31  456371    12.46%    passed     98.80%
  32  471731    13.13%    passed     99.83%
  33  70840     12.12%    passed     99.96%
  34  70841     13.13%    passed     99.87%
  35  70842     12.46%    passed     99.53%
  36  70844     11.78%    passed     99.87%
  37  70846     11.11%    passed     99.48%
  38  70847     12.46%    passed     99.94%
  39  70849     12.46%    passed     98.60%
  40  70850     12.46%    passed     98.60%
  41  51911     13.80%    passed     98.62%
  42  26329     13.80%    passed     99.20%
  43  70875     12.46%    passed     99.94%
  44  46302     13.80%    passed     98.62%
  45  42213     13.80%    passed     99.99%
  46  456422    12.46%    passed     99.43%
  47  456426    12.46%    passed     99.20%
  48  456427    12.46%    passed     98.80%
  49  70906     12.46%    passed     92.32%
  50  70907     12.46%    passed     96.12%
  51  70908     13.13%    passed     96.87%
  52  41213     13.80%    passed     99.43%
  53  457978    13.80%    passed     96.16%
  54  1180414   11.78%    passed     99.22%
  55  70913     12.46%    passed     98.80%
  56  70921     13.13%    passed     99.83%
  57  70922     13.80%    passed     64.35%
  58  70923     13.80%    passed     99.58%
  59  70924     13.13%    passed     99.85%
  60  70925     13.80%    passed     99.17%
  61  70926     13.13%    passed     98.85%
  62  67855     13.80%    passed     99.72%
  63  70927     14.48%    passed     99.99%
  64  70929     12.12%    passed     99.73%
  65  70930     13.80%    passed     99.58%
  66  67859     13.80%    passed     54.24%
  67  70931     13.80%    passed     97.72%
  68  70932     15.15%    passed     99.51%
  69  70933     13.13%    passed     99.83%
  70  67869     11.45%    passed     95.89%
  71  1246498   13.13%    passed     99.85%
  72  1246499   13.13%    passed     98.64%
  73  1246500   13.13%    passed    100.00%
  74  1246501   11.45%    passed     99.52%
  75  1246502   10.44%    passed     99.79%
  76  1246503   13.80%    passed     99.99%
  77  1246505   12.79%    passed     99.56%
  78  70954     11.11%    passed     96.18%
  79  1246506   13.13%    passed     99.83%
  80  1246507   13.13%    passed     99.69%
  81  1246508   12.79%    passed     99.97%
  82  1246510   13.13%    passed     99.91%
  83  1246511   13.13%    passed     99.68%
  84  1246512   11.11%    passed     99.74%
  85  1246513   12.46%    passed     99.36%
  86  1246514   13.13%    passed     99.91%
  87  1180467   13.13%    passed     99.91%
  88  1246515   13.13%    passed     99.69%
  89  1246516   13.13%    passed     99.23%
  90  1246517   13.80%    passed     99.72%
  91  1246518   15.49%    passed     96.46%
  92  1246519   13.80%    passed     99.72%
  93  1246520   13.13%    passed     99.83%
  94  1246522   13.13%    passed     99.91%
  95  1246523   13.80%    passed     99.54%
  96  1246524   12.46%    passed     99.31%
  97  1246525   12.12%    passed     99.11%
  98  1246526   13.13%    passed     98.85%
  99  1246527   12.79%    passed     99.94%
 100  1246528   12.12%    passed     99.78%
 101  1246529   20.54%    passed     99.57%
 102  459074    12.46%    passed     99.53%
 103  62798     11.45%    passed     98.54%
 104  70991     12.46%    passed     98.80%
 105  456026    12.46%    passed     98.80%
 106  456029    12.46%    passed     99.92%
 107  99172     13.80%    passed     98.62%
 108  71013     11.45%    passed     91.69%
 109  62824     13.80%    passed     98.62%
 110  62831     12.46%    passed     99.71%
 111  62833     12.46%    passed     99.43%
 112  62836     12.79%    passed     99.96%
 113  62837     12.79%    passed     99.95%
 114  471943    12.46%    passed     98.60%
 115  71566     13.80%    passed     99.43%
 116  456098    12.46%    passed     99.43%
 117  49066     13.13%    passed    100.00%
 118  23471     11.45%    passed     97.21%
 119  456120    12.46%    passed     98.80%
 120  38854     13.80%    passed     99.99%
 121  459721    13.13%    passed     99.91%
 122  456144    12.46%    passed     99.43%
 123  456171    12.46%    passed     99.92%
 124  473582    12.46%    passed     99.53%
 125  457724    12.46%    passed     99.20%
****  TOTAL     13.04%  0 sequences failed composition chi2 test (p-value<5%; df=3)


Create initial parsimony tree by phylogenetic likelihood library (PLL)... 0.003 seconds
Measuring multi-threading efficiency up to 2 CPU cores
Increase to 10 rounds for branch lengths
62 trees examined
Threads: 1 / Time: 2.013 sec / Speedup: 1.000 / Efficiency: 100% / LogL: -1964
Threads: 2 / Time: 3.244 sec / Speedup: 0.620 / Efficiency: 31% / LogL: -1964
BEST NUMBER OF THREADS: 1

Perform fast likelihood tree search using GTR+I+G model...
Estimate model parameters (epsilon = 5.000)
Perform nearest neighbor interchange...
Estimate model parameters (epsilon = 1.000)
1. Initial log-likelihood: -1294.275
Optimal log-likelihood: -1294.169
Rate parameters:  A-C: 0.98171  A-G: 4.07299  A-T: 0.50399  C-G: 0.92057  C-T: 3.12224  G-T: 1.00000
Base frequencies:  A: 0.168  C: 0.252  G: 0.233  T: 0.348
Proportion of invariable sites: 0.296
Gamma shape alpha: 38.600
Parameters optimization took 1 rounds (0.022 sec)
Time for fast ML tree search: 0.136 seconds

NOTE: ModelFinder requires 6 MB RAM!
ModelFinder will test up to 286 DNA models (sample size: 297) ...
 No. Model         -LnL         df  AIC          AICc         BIC
  1  GTR+F         1294.626     255 3099.252     6283.642     4041.154
  2  GTR+F+I       1293.708     256 3099.416     6389.016     4045.012
  3  GTR+F+G4      1292.850     256 3097.700     6387.300     4043.296
  4  GTR+F+I+G4    1293.999     257 3101.997     6502.305     4051.286
  5  GTR+F+R2      1293.174     257 3100.349     6500.657     4049.638
  6  GTR+F+R3      1292.943     259 3103.885     6743.885     4060.562
 14  SYM           1299.862     252 3103.724     6001.724     4034.544
 15  SYM+I         1299.095     253 3104.190     6093.120     4038.704
 16  SYM+G4        1298.362     253 3102.725     6091.655     4037.239
 18  SYM+R2        1298.648     254 3105.297     6189.582     4043.505
 27  TVM+F         1295.357     254 3098.713     6182.999     4036.921
 28  TVM+F+I       1294.366     255 3098.733     6283.123     4040.634
 29  TVM+F+G4      1293.622     255 3097.243     6281.634     4039.145
 31  TVM+F+R2      1293.921     256 3099.843     6389.443     4045.438
 40  TVMe          1300.028     251 3102.057     5913.257     4029.183
 41  TVMe+I        1299.302     252 3102.604     6000.604     4033.425
 42  TVMe+G4       1298.516     252 3101.031     5999.031     4031.852
 44  TVMe+R2       1298.811     253 3103.623     6092.553     4038.137
 53  TIM3+F        1295.922     253 3097.844     6086.774     4032.358
 54  TIM3+F+I      1294.891     254 3097.783     6182.068     4035.991
 55  TIM3+F+G4     1294.014     254 3096.027     6180.313     4034.235
 57  TIM3+F+R2     1294.343     255 3098.686     6283.077     4040.588
 66  TIM3e         1302.115     250 3104.229     5832.490     4027.662
 67  TIM3e+I       1301.267     251 3104.533     5915.733     4031.660
 68  TIM3e+G4      1300.531     251 3103.063     5914.263     4030.190
 70  TIM3e+R2      1300.820     252 3105.639     6003.639     4036.460
 79  TIM2+F        1295.338     253 3096.675     6085.605     4031.189
 80  TIM2+F+I      1294.444     254 3096.888     6181.174     4035.096
 81  TIM2+F+G4     1293.598     254 3095.195     6179.481     4033.403
 83  TIM2+F+R2     1293.917     255 3097.833     6282.223     4039.735
 92  TIM2e         1300.521     250 3101.041     5829.302     4024.474
 93  TIM2e+I       1299.762     251 3101.524     5912.724     4028.651
 94  TIM2e+G4      1299.035     251 3100.069     5911.269     4027.196
 96  TIM2e+R2      1299.320     252 3102.639     6000.639     4033.460
105  TIM+F         1295.443     253 3096.887     6085.817     4031.401
106  TIM+F+I       1294.462     254 3096.923     6181.209     4035.131
107  TIM+F+G4      1293.592     254 3095.185     6179.470     4033.393
109  TIM+F+R2      1293.916     255 3097.832     6282.223     4039.734
118  TIMe          1301.344     250 3102.688     5830.949     4026.121
119  TIMe+I        1300.495     251 3102.991     5914.191     4030.117
120  TIMe+G4       1299.756     251 3101.512     5912.712     4028.639
122  TIMe+R2       1300.045     252 3104.089     6002.089     4034.910
131  TPM3u+F       1296.648     252 3097.296     5995.296     4028.117
132  TPM3u+F+I     1295.554     253 3097.108     6086.038     4031.622
133  TPM3u+F+G4    1294.790     253 3095.581     6084.511     4030.095
135  TPM3u+F+R2    1295.095     254 3098.189     6182.475     4036.397
144  TPM3+F        1296.648     252 3097.296     5995.296     4028.117
145  TPM3+F+I      1295.554     253 3097.108     6086.038     4031.622
146  TPM3+F+G4     1294.790     253 3095.581     6084.511     4030.095
148  TPM3+F+R2     1295.095     254 3098.189     6182.475     4036.397
157  TPM2u+F       1296.068     252 3096.136     5994.136     4026.956
158  TPM2u+F+I     1295.105     253 3096.211     6085.141     4030.725
159  TPM2u+F+G4    1294.371     253 3094.743     6083.673     4029.257
161  TPM2u+F+R2    1294.666     254 3097.333     6181.619     4035.541
170  TPM2+F        1296.068     252 3096.136     5994.136     4026.956
171  TPM2+F+I      1295.105     253 3096.211     6085.141     4030.725
172  TPM2+F+G4     1294.371     253 3094.743     6083.673     4029.257
174  TPM2+F+R2     1294.666     254 3097.333     6181.619     4035.541
183  K3Pu+F        1296.170     252 3096.341     5994.341     4027.161
184  K3Pu+F+I      1295.126     253 3096.253     6085.183     4030.767
185  K3Pu+F+G4     1294.369     253 3094.739     6083.669     4029.253
187  K3Pu+F+R2     1294.670     254 3097.339     6181.625     4035.547
196  K3P           1301.514     249 3101.028     5749.964     4020.767
197  K3P+I         1300.709     250 3101.417     5829.678     4024.850
198  K3P+G4        1299.916     250 3099.831     5828.092     4023.264
200  K3P+R2        1300.215     251 3102.430     5913.630     4029.556
209  TN+F          1296.019     252 3096.039     5994.039     4026.859
210  TN+F+I        1295.010     253 3096.020     6084.950     4030.534
211  TN+F+G4       1294.138     253 3094.276     6083.207     4028.791
213  TN+F+R2       1294.464     254 3096.929     6181.215     4035.137
222  TNe           1302.115     249 3102.230     5751.166     4021.970
223  TNe+I         1301.267     250 3102.534     5830.795     4025.967
224  TNe+G4        1300.532     250 3101.064     5829.325     4024.497
226  TNe+R2        1300.818     251 3103.636     5914.836     4030.763
235  HKY+F         1296.746     251 3095.492     5906.692     4022.619
236  HKY+F+I       1295.675     252 3095.351     5993.351     4026.171
237  HKY+F+G4      1294.917     252 3093.834     5991.834     4024.655
239  HKY+F+R2      1295.218     253 3096.436     6085.367     4030.951
248  K2P           1302.285     248 3100.570     5673.570     4016.615
249  K2P+I         1301.481     249 3100.961     5749.898     4020.701
250  K2P+G4        1300.692     249 3099.384     5748.320     4019.123
252  K2P+R2        1300.991     250 3101.981     5830.242     4025.414
261  F81+F         1325.188     250 3150.376     5878.637     4073.809
262  F81+F+I       1324.346     251 3150.693     5961.893     4077.819
263  F81+F+G4      1323.444     251 3148.889     5960.089     4076.015
265  F81+F+R2      1323.772     252 3151.544     6049.544     4082.365
274  JC            1332.895     247 3159.791     5660.036     4072.142
275  JC+I          1332.114     248 3160.229     5733.229     4076.274
276  JC+G4         1331.323     248 3158.645     5731.645     4074.691
278  JC+R2         1331.622     249 3161.244     5810.180     4080.983
Akaike Information Criterion:           HKY+F+G4
Corrected Akaike Information Criterion: JC
Bayesian Information Criterion:         K2P
Best-fit model: K2P chosen according to BIC

All model information printed to /home/humebc/phylogeneticSoftware/SymPortal_framework/outputs/analyses/133/20201216T011417/between_sample_distances/C/clade_C_seqs.aligned.fasta.model.gz
CPU time for ModelFinder: 11.726 seconds (0h:0m:11s)
Wall-clock time for ModelFinder: 8.288 seconds (0h:0m:8s)

NOTE: 0 MB RAM (0 GB) is required!
Estimate model parameters (epsilon = 0.100)
1. Initial log-likelihood: -1302.285
Optimal log-likelihood: -1302.285
Rate parameters:  A-C: 1.00000  A-G: 4.13311  A-T: 1.00000  C-G: 1.00000  C-T: 4.13311  G-T: 1.00000
Base frequencies:  A: 0.250  C: 0.250  G: 0.250  T: 0.250
Parameters optimization took 1 rounds (0.004 sec)
Computing ML distances based on estimated model parameters... 0.036 sec
Computing BIONJ tree...
0.006 seconds
Log-likelihood of BIONJ tree: -1302.449
--------------------------------------------------------------------
|             INITIALIZING CANDIDATE TREE SET                      |
--------------------------------------------------------------------
Generating 98 parsimony trees... 0.442 second
Computing log-likelihood of 98 initial trees ... 0.246 seconds
Current best score: -1301.466

Do NNI search on 20 best initial trees
Estimate model parameters (epsilon = 0.100)
BETTER TREE FOUND at iteration 1: -1301.419
Iteration 10 / LogL: -1302.302 / Time: 0h:0m:0s
Iteration 20 / LogL: -1302.280 / Time: 0h:0m:0s
Finish initializing candidate tree set (20)
Current best tree score: -1301.419 / CPU time: 0.917
Number of iterations: 20
--------------------------------------------------------------------
|               OPTIMIZING CANDIDATE TREE SET                      |
--------------------------------------------------------------------
Iteration 30 / LogL: -1301.430 / Time: 0h:0m:1s (0h:0m:3s left)
Iteration 40 / LogL: -1360.004 / Time: 0h:0m:1s (0h:0m:2s left)
Iteration 50 / LogL: -1301.427 / Time: 0h:0m:1s (0h:0m:1s left)
Iteration 60 / LogL: -1304.708 / Time: 0h:0m:2s (0h:0m:1s left)
Iteration 70 / LogL: -1301.426 / Time: 0h:0m:2s (0h:0m:1s left)
Estimate model parameters (epsilon = 0.100)
BETTER TREE FOUND at iteration 79: -1300.392
Iteration 80 / LogL: -1301.425 / Time: 0h:0m:2s (0h:0m:3s left)
Iteration 90 / LogL: -1308.377 / Time: 0h:0m:3s (0h:0m:3s left)
Iteration 100 / LogL: -1308.366 / Time: 0h:0m:3s (0h:0m:2s left)
Iteration 110 / LogL: -1305.438 / Time: 0h:0m:3s (0h:0m:2s left)
Iteration 120 / LogL: -1305.956 / Time: 0h:0m:3s (0h:0m:1s left)
Iteration 130 / LogL: -1300.397 / Time: 0h:0m:4s (0h:0m:1s left)
Iteration 140 / LogL: -1307.360 / Time: 0h:0m:4s (0h:0m:1s left)
Iteration 150 / LogL: -1305.946 / Time: 0h:0m:4s (0h:0m:0s left)
Iteration 160 / LogL: -1358.994 / Time: 0h:0m:4s (0h:0m:0s left)
Iteration 170 / LogL: -1307.377 / Time: 0h:0m:5s (0h:0m:0s left)
Iteration 180 / LogL: -1301.429 / Time: 0h:0m:5s (0h:0m:-1s left)
TREE SEARCH COMPLETED AFTER 180 ITERATIONS / Time: 0h:0m:5s

--------------------------------------------------------------------
|                    FINALIZING TREE SEARCH                        |
--------------------------------------------------------------------
Performs final model parameters optimization
Estimate model parameters (epsilon = 0.010)
1. Initial log-likelihood: -1300.392
Optimal log-likelihood: -1300.392
Rate parameters:  A-C: 1.00000  A-G: 4.12746  A-T: 1.00000  C-G: 1.00000  C-T: 4.12746  G-T: 1.00000
Base frequencies:  A: 0.250  C: 0.250  G: 0.250  T: 0.250
Parameters optimization took 1 rounds (0.003 sec)
BEST SCORE FOUND : -1300.392
Total tree length: 0.501

Total number of iterations: 180
CPU time used for tree search: 5.343 sec (0h:0m:5s)
Wall-clock time used for tree search: 5.345 sec (0h:0m:5s)
Total CPU time used: 5.404 sec (0h:0m:5s)
Total wall-clock time used: 5.410 sec (0h:0m:5s)

Analysis results written to: 
  IQ-TREE report:                /home/humebc/phylogeneticSoftware/SymPortal_framework/outputs/analyses/133/20201216T011417/between_sample_distances/C/clade_C_seqs.aligned.fasta.iqtree
  Maximum-likelihood tree:       /home/humebc/phylogeneticSoftware/SymPortal_framework/outputs/analyses/133/20201216T011417/between_sample_distances/C/clade_C_seqs.aligned.fasta.treefile
  Likelihood distances:          /home/humebc/phylogeneticSoftware/SymPortal_framework/outputs/analyses/133/20201216T011417/between_sample_distances/C/clade_C_seqs.aligned.fasta.mldist
  Screen log file:               /home/humebc/phylogeneticSoftware/SymPortal_framework/outputs/analyses/133/20201216T011417/between_sample_distances/C/clade_C_seqs.aligned.fasta.log

Date and Time: Wed Dec 16 01:22:35 2020
